<?xml version="1.0" encoding="UTF-8"?>
<testng-results skipped="1" failed="0" total="1" passed="0">
  <reporter-output>
  </reporter-output>
  <suite name="Default suite" duration-ms="63" started-at="2018-02-20T07:33:41Z" finished-at="2018-02-20T07:33:41Z">
    <groups>
    </groups>
    <test name="Default test" duration-ms="63" started-at="2018-02-20T07:33:41Z" finished-at="2018-02-20T07:33:41Z">
      <class name="frontpage.START">
        <test-method status="FAIL" signature="test()[pri:0, instance:frontpage.START@51565ec2]" name="test" is-config="true" duration-ms="0" started-at="2018-02-20T13:03:41Z" finished-at="2018-02-20T13:03:41Z">
          <exception class="java.lang.IllegalAccessException">
            <message>
              <![CDATA[Class org.testng.internal.MethodInvocationHelper can not access a member of class frontpage.START with modifiers "public"]]>
            </message>
            <full-stacktrace>
              <![CDATA[java.lang.IllegalAccessException: Class org.testng.internal.MethodInvocationHelper can not access a member of class frontpage.START with modifiers "public"
	at sun.reflect.Reflection.ensureMemberAccess(Unknown Source)
	at java.lang.reflect.AccessibleObject.slowCheckMemberAccess(Unknown Source)
	at java.lang.reflect.AccessibleObject.checkAccess(Unknown Source)
	at java.lang.reflect.Method.invoke(Unknown Source)
	at org.testng.internal.MethodInvocationHelper.invokeMethod(MethodInvocationHelper.java:85)
	at org.testng.internal.Invoker.invokeConfigurationMethod(Invoker.java:510)
	at org.testng.internal.Invoker.invokeConfigurations(Invoker.java:211)
	at org.testng.internal.Invoker.invokeConfigurations(Invoker.java:138)
	at org.testng.SuiteRunner.privateRun(SuiteRunner.java:298)
	at org.testng.SuiteRunner.run(SuiteRunner.java:261)
	at org.testng.SuiteRunnerWorker.runSuite(SuiteRunnerWorker.java:52)
	at org.testng.SuiteRunnerWorker.run(SuiteRunnerWorker.java:86)
	at org.testng.TestNG.runSuitesSequentially(TestNG.java:1215)
	at org.testng.TestNG.runSuitesLocally(TestNG.java:1140)
	at org.testng.TestNG.run(TestNG.java:1048)
	at org.testng.remote.AbstractRemoteTestNG.run(AbstractRemoteTestNG.java:114)
	at org.testng.remote.RemoteTestNG.initAndRun(RemoteTestNG.java:251)
	at org.testng.remote.RemoteTestNG.main(RemoteTestNG.java:77)
]]>
            </full-stacktrace>
          </exception> <!-- java.lang.IllegalAccessException -->
          <reporter-output>
          </reporter-output>
        </test-method> <!-- test -->
        <test-method status="SKIP" signature="enterfield()[pri:1, instance:frontpage.START@51565ec2]" name="enterfield" duration-ms="0" started-at="2018-02-20T13:03:41Z" finished-at="2018-02-20T13:03:41Z">
          <reporter-output>
          </reporter-output>
        </test-method> <!-- enterfield -->
      </class> <!-- frontpage.START -->
    </test> <!-- Default test -->
  </suite> <!-- Default suite -->
</testng-results>
